<?xml version="1.0" encoding="UTF-8"?>
<testsuite xmlns:xsi="http://www.w3.org/2001/XMLSchema-instance" xsi:noNamespaceSchemaLocation="https://maven.apache.org/surefire/maven-surefire-plugin/xsd/surefire-test-report-3.0.xsd" version="3.0" name="com.aa.flightapiwrapper.AaFlightapiApplicationTests" time="1.964" tests="1" errors="0" skipped="0" failures="0">
  <properties>
[...]
</properties>
  <testcase name="contextLoads" classname="com.aa.flightapiwrapper.AaFlightapiApplicationTests" time="0.33">
    <system-out><![CDATA[11:25:52.811 [main] INFO org.springframework.test.context.support.AnnotationConfigContextLoaderUtils -- Could not detect default configuration classes for test class [com.aa.flightapiwrapper.AaFlightapiApplicationTests]: AaFlightapiApplicationTests does not declare any static, non-private, non-final, nested classes annotated with @Configuration.
11:25:52.847 [main] INFO org.springframework.boot.test.context.SpringBootTestContextBootstrapper -- Found @SpringBootConfiguration com.aa.flightapiwrapper.AaFlightapiApplication for test class com.aa.flightapiwrapper.AaFlightapiApplicationTests

  .   ____          _            __ _ _
 /\\ / ___'_ __ _ _(_)_ __  __ _ \ \ \ \
( ( )\___ | '_ | '_| | '_ \/ _` | \ \ \ \
 \\/  ___)| |_)| | | | | || (_| |  ) ) ) )
  '  |____| .__|_| |_|_| |_\__, | / / / /
 =========|_|==============|___/=/_/_/_/

 :: Spring Boot ::               (v3.4.11)

2025-11-09T11:25:52.965+05:30  WARN 57174 --- [aa-flightapi] [           main] ory$DuplicateJsonObjectContextCustomizer : 

Found multiple occurrences of org.json.JSONObject on the class path:

	jar:file:/Users/prateek/.m2/repository/com/vaadin/external/google/android-json/0.0.20131108.vaadin1/android-json-0.0.20131108.vaadin1.jar!/org/json/JSONObject.class
	jar:file:/Users/prateek/.m2/repository/org/json/json/20230618/json-20230618.jar!/org/json/JSONObject.class

You may wish to exclude one of them to ensure predictable runtime behavior

2025-11-09T11:25:52.972+05:30  INFO 57174 --- [aa-flightapi] [           main] c.a.f.AaFlightapiApplicationTests        : Starting AaFlightapiApplicationTests using Java 21.0.9 with PID 57174 (started by prateek in /Users/prateek/Desktop/scaffold-project-testing)
2025-11-09T11:25:52.972+05:30  INFO 57174 --- [aa-flightapi] [           main] c.a.f.AaFlightapiApplicationTests        : No active profile set, falling back to 1 default profile: "default"
2025-11-09T11:25:54.328+05:30  INFO 57174 --- [aa-flightapi] [           main] o.s.b.a.e.web.EndpointLinksResolver      : Exposing 1 endpoint beneath base path '/actuator'
2025-11-09T11:25:54.356+05:30  INFO 57174 --- [aa-flightapi] [           main] c.a.f.AaFlightapiApplicationTests        : Started AaFlightapiApplicationTests in 1.47 seconds (process running for 1.781)
]]></system-out>
    <system-err><![CDATA[SLF4J(W): Class path contains multiple SLF4J providers.
SLF4J(W): Found provider [ch.qos.logback.classic.spi.LogbackServiceProvider@2e55dd0c]
SLF4J(W): Found provider [org.apache.logging.slf4j.SLF4JServiceProvider@74455848]
SLF4J(W): See https://www.slf4j.org/codes.html#multiple_bindings for an explanation.
SLF4J(I): Actual provider is of type [ch.qos.logback.classic.spi.LogbackServiceProvider@2e55dd0c]
Mockito is currently self-attaching to enable the inline-mock-maker. This will no longer work in future releases of the JDK. Please add Mockito as an agent to your build what is described in Mockito's documentation: https://javadoc.io/doc/org.mockito/mockito-core/latest/org/mockito/Mockito.html#0.3
WARNING: A Java agent has been loaded dynamically (/Users/prateek/.m2/repository/net/bytebuddy/byte-buddy-agent/1.15.11/byte-buddy-agent-1.15.11.jar)
WARNING: If a serviceability tool is in use, please run with -XX:+EnableDynamicAgentLoading to hide this warning
WARNING: If a serviceability tool is not in use, please run with -Djdk.instrument.traceUsage for more information
WARNING: Dynamic loading of agents will be disallowed by default in a future release
]]></system-err>
  </testcase>
</testsuite>